<?xml version="1.0" encoding="UTF-8"?>
<Site BuildName="(empty)"
	BuildStamp="20241213-1153-Experimental"
	Name="(empty)"
	Generator="ctest-3.28.3"
	CompilerName=""
	CompilerVersion=""
	OSName="Linux"
	Hostname="cuba"
	OSRelease="6.8.0-50-generic"
	OSVersion="#51-Ubuntu SMP PREEMPT_DYNAMIC Sat Nov  9 17:58:29 UTC 2024"
	OSPlatform="x86_64"
	Is64Bits="1"
	VendorString="GenuineIntel"
	VendorID="Intel Corporation"
	FamilyID="6"
	ModelID="165"
	ProcessorCacheSize="8192"
	NumberOfLogicalCPU="8"
	NumberOfPhysicalCPU="4"
	TotalVirtualMemory="4095"
	TotalPhysicalMemory="15822"
	LogicalProcessorsPerPhysical="2"
	ProcessorClockFrequency="4199.82"
	>
	<Testing>
		<StartDateTime>Dec 13 08:53 -03</StartDateTime>
		<StartTestTime>1734090781</StartTestTime>
		<TestList/>
		<EndDateTime>Dec 13 08:53 -03</EndDateTime>
		<EndTestTime>1734090781</EndTestTime>
		<ElapsedMinutes>0</ElapsedMinutes>
	</Testing>
</Site>
